<?xml version="1.0" encoding="UTF-8"?>
<!-- Generated by org.testng.reporters.JUnitReportReporter -->
<testsuite hostname="SIGNIFI-308" failures="0" tests="1" name="getuser.Tests" time="2.415" errors="0" timestamp="2023-08-01T23:43:23 EDT" skipped="0">
  <testcase classname="getuser.Tests" name="testgetuser" time="2.415"/>
</testsuite> <!-- getuser.Tests -->
