<?xml version="1.0" encoding="UTF-8"?>
<!-- Generated by org.testng.reporters.JUnitReportReporter -->
<testsuite hostname="SIGNIFI-308" failures="0" tests="1" name="getuser.Endpoints$Tests" time="2.850" errors="0" timestamp="2023-08-02T11:02:34 EDT" skipped="0">
  <testcase classname="getuser.Endpoints$Tests" name="testgetuser" time="2.850"/>
</testsuite> <!-- getuser.Endpoints$Tests -->
